# JRE version: OpenJDK Runtime Environment Temurin-17+35 (17.0+35) (build 17+35)
# Java VM: OpenJDK 64-Bit Server VM Temurin-17+35 (17+35, mixed mode, tiered, compressed oops, compressed class ptrs, g1 gc, windows-amd64)
GC Precious Log:
 CPUs: 20 total, 20 available
 Memory: 16162M
 Large Page Support: Disabled
 NUMA Support: Disabled
 Compressed Oops: Enabled (Zero based)
 Heap Region Size: 2M
 Heap Min Capacity: 8M
 Heap Initial Capacity: 254M
 Heap Max Capacity: 4042M
 Pre-touch: Disabled
 Parallel Workers: 15
 Concurrent Workers: 4
 Concurrent Refinement Workers: 15
 Periodic GC: Disabled
Heap:
 garbage-first heap   total 116736K, used 61914K [0x0000000703600000, 0x0000000800000000)
  region size 2048K, 21 young (43008K), 3 survivors (6144K)
 Metaspace       used 38185K, committed 38400K, reserved 1089536K
  class space    used 4171K, committed 4288K, reserved 1048576K
GC Heap History (19 events):
Event: 1.141 GC heap before
{Heap before GC invocations=0 (full 0):
 garbage-first heap   total 260096K, used 22528K [0x0000000703600000, 0x0000000800000000)
  region size 2048K, 11 young (22528K), 0 survivors (0K)
 Metaspace       used 19743K, committed 19904K, reserved 1073152K
  class space    used 1953K, committed 2048K, reserved 1048576K
}
Event: 1.144 GC heap after
{Heap after GC invocations=1 (full 0):
 garbage-first heap   total 260096K, used 4836K [0x0000000703600000, 0x0000000800000000)
  region size 2048K, 2 young (4096K), 2 survivors (4096K)
 Metaspace       used 19743K, committed 19904K, reserved 1073152K
  class space    used 1953K, committed 2048K, reserved 1048576K
}
Event: 1.249 GC heap before
{Heap before GC invocations=1 (full 0):
 garbage-first heap   total 260096K, used 6884K [0x0000000703600000, 0x0000000800000000)
  region size 2048K, 4 young (8192K), 2 survivors (4096K)
 Metaspace       used 21413K, committed 21504K, reserved 1073152K
  class space    used 2130K, committed 2176K, reserved 1048576K
}
Event: 1.251 GC heap after
{Heap after GC invocations=2 (full 0):
 garbage-first heap   total 260096K, used 5681K [0x0000000703600000, 0x0000000800000000)
  region size 2048K, 1 young (2048K), 1 survivors (2048K)
 Metaspace       used 21413K, committed 21504K, reserved 1073152K
  class space    used 2130K, committed 2176K, reserved 1048576K
}
Event: 1.600 GC heap before
{Heap before GC invocations=3 (full 0):
 garbage-first heap   total 34816K, used 20017K [0x0000000703600000, 0x0000000800000000)
  region size 2048K, 10 young (20480K), 1 survivors (2048K)
 Metaspace       used 28887K, committed 29056K, reserved 1081344K
  class space    used 2979K, committed 3072K, reserved 1048576K
}
Event: 1.602 GC heap after
{Heap after GC invocations=4 (full 0):
 garbage-first heap   total 34816K, used 7127K [0x0000000703600000, 0x0000000800000000)
  region size 2048K, 2 young (4096K), 2 survivors (4096K)
 Metaspace       used 28887K, committed 29056K, reserved 1081344K
  class space    used 2979K, committed 3072K, reserved 1048576K
}
Event: 1.622 GC heap before
{Heap before GC invocations=4 (full 0):
 garbage-first heap   total 34816K, used 9175K [0x0000000703600000, 0x0000000800000000)
  region size 2048K, 3 young (6144K), 2 survivors (4096K)
 Metaspace       used 29573K, committed 29760K, reserved 1081344K
  class space    used 3119K, committed 3264K, reserved 1048576K
}
Event: 1.624 GC heap after
{Heap after GC invocations=5 (full 0):
 garbage-first heap   total 34816K, used 7373K [0x0000000703600000, 0x0000000800000000)
  region size 2048K, 1 young (2048K), 1 survivors (2048K)
 Metaspace       used 29573K, committed 29760K, reserved 1081344K
  class space    used 3119K, committed 3264K, reserved 1048576K
}
Event: 2.132 GC heap before
{Heap before GC invocations=5 (full 0):
 garbage-first heap   total 34816K, used 19661K [0x0000000703600000, 0x0000000800000000)
  region size 2048K, 7 young (14336K), 1 survivors (2048K)
 Metaspace       used 35686K, committed 35968K, reserved 1081344K
  class space    used 3895K, committed 4032K, reserved 1048576K
}
Event: 2.133 GC heap after
{Heap after GC invocations=6 (full 0):
 garbage-first heap   total 34816K, used 10734K [0x0000000703600000, 0x0000000800000000)
  region size 2048K, 1 young (2048K), 1 survivors (2048K)
 Metaspace       used 35686K, committed 35968K, reserved 1081344K
  class space    used 3895K, committed 4032K, reserved 1048576K
}
Event: 2.196 GC heap before
{Heap before GC invocations=6 (full 0):
 garbage-first heap   total 34816K, used 10734K [0x0000000703600000, 0x0000000800000000)
  region size 2048K, 2 young (4096K), 1 survivors (2048K)
 Metaspace       used 35862K, committed 36096K, reserved 1081344K
  class space    used 3918K, committed 4032K, reserved 1048576K
}
Event: 2.196 GC heap after
{Heap after GC invocations=7 (full 0):
 garbage-first heap   total 34816K, used 10896K [0x0000000703600000, 0x0000000800000000)
  region size 2048K, 1 young (2048K), 1 survivors (2048K)
 Metaspace       used 35862K, committed 36096K, reserved 1081344K
  class space    used 3918K, committed 4032K, reserved 1048576K
}
Event: 37.211 GC heap before
{Heap before GC invocations=8 (full 0):
 garbage-first heap   total 34816K, used 23184K [0x0000000703600000, 0x0000000800000000)
  region size 2048K, 7 young (14336K), 1 survivors (2048K)
 Metaspace       used 38180K, committed 38400K, reserved 1089536K
  class space    used 4171K, committed 4288K, reserved 1048576K
}
Event: 37.214 GC heap after
{Heap after GC invocations=9 (full 0):
 garbage-first heap   total 34816K, used 12177K [0x0000000703600000, 0x0000000800000000)
  region size 2048K, 1 young (2048K), 1 survivors (2048K)
 Metaspace       used 38180K, committed 38400K, reserved 1089536K
  class space    used 4171K, committed 4288K, reserved 1048576K
}
Event: 37.228 GC heap before
{Heap before GC invocations=9 (full 0):
 garbage-first heap   total 34816K, used 22417K [0x0000000703600000, 0x0000000800000000)
  region size 2048K, 6 young (12288K), 1 survivors (2048K)
 Metaspace       used 38184K, committed 38400K, reserved 1089536K
  class space    used 4171K, committed 4288K, reserved 1048576K
}
Event: 37.264 GC heap after
{Heap after GC invocations=10 (full 0):
 garbage-first heap   total 34816K, used 22238K [0x0000000703600000, 0x0000000800000000)
  region size 2048K, 1 young (2048K), 1 survivors (2048K)
 Metaspace       used 38184K, committed 38400K, reserved 1089536K
  class space    used 4171K, committed 4288K, reserved 1048576K
}
Event: 37.267 GC heap before
{Heap before GC invocations=10 (full 0):
 garbage-first heap   total 34816K, used 24286K [0x0000000703600000, 0x0000000800000000)
  region size 2048K, 2 young (4096K), 1 survivors (2048K)
 Metaspace       used 38184K, committed 38400K, reserved 1089536K
  class space    used 4171K, committed 4288K, reserved 1048576K
}
Event: 37.279 GC heap after
{Heap after GC invocations=11 (full 0):
 garbage-first heap   total 147456K, used 25050K [0x0000000703600000, 0x0000000800000000)
  region size 2048K, 1 young (2048K), 1 survivors (2048K)
 Metaspace       used 38184K, committed 38400K, reserved 1089536K
  class space    used 4171K, committed 4288K, reserved 1048576K
}
Event: 37.334 GC heap before
{Heap before GC invocations=12 (full 0):
 garbage-first heap   total 116736K, used 61914K [0x0000000703600000, 0x0000000800000000)
  region size 2048K, 19 young (38912K), 1 survivors (2048K)
 Metaspace       used 38185K, committed 38400K, reserved 1089536K
  class space    used 4171K, committed 4288K, reserved 1048576K
}

